app/build/intermediates/manifest_merge_blame_file/debug/manifest-merger-blame-debug-report.txt
1<?xml version="1.0" encoding="utf-8"?>
2<manifest xmlns:android="http://schemas.android.com/apk/res/android"
3    package="com.google.android.gms.samples.vision.barcodereader"
4    android:installLocation="auto"
5    android:versionCode="1"
6    android:versionName="1.0" >
7
8    <uses-sdk
9        android:minSdkVersion="21"
9-->src\main\AndroidManifest.xml
10        android:targetSdkVersion="26" />
10-->src\main\AndroidManifest.xml
11
12    <uses-feature android:name="android.hardware.camera" />
12-->src\main\AndroidManifest.xml:6:5-60
12-->src\main\AndroidManifest.xml:6:19-57
13
14    <uses-permission android:name="android.permission.CAMERA" />
14-->src\main\AndroidManifest.xml:8:5-65
14-->src\main\AndroidManifest.xml:8:22-62
15    <uses-permission android:name="android.permission.WRITE_EXTERNAL_STORAGE" />
15-->src\main\AndroidManifest.xml:9:5-81
15-->src\main\AndroidManifest.xml:9:22-78
16    <uses-permission android:name="android.permission.READ_EXTERNAL_STORAGE" />
16-->src\main\AndroidManifest.xml:10:5-80
16-->src\main\AndroidManifest.xml:10:22-77
17    <uses-permission android:name="android.permission.INTERNET" />
17-->src\main\AndroidManifest.xml:11:5-67
17-->src\main\AndroidManifest.xml:11:22-64
18
19    <application
19-->src\main\AndroidManifest.xml:13:5-45:19
20        android:allowBackup="true"
20-->src\main\AndroidManifest.xml:14:9-35
21        android:debuggable="true"
22        android:fullBackupContent="false"
22-->src\main\AndroidManifest.xml:15:9-42
23        android:hardwareAccelerated="true"
23-->src\main\AndroidManifest.xml:16:9-43
24        android:label="Text Detection"
24-->src\main\AndroidManifest.xml:17:9-39
25        android:supportsRtl="true"
25-->src\main\AndroidManifest.xml:18:9-35
26        android:testOnly="true"
27        android:theme="@style/Theme.AppCompat" >
27-->src\main\AndroidManifest.xml:19:9-47
28        <meta-data
28-->src\main\AndroidManifest.xml:20:9-22:69
29            android:name="com.google.android.gms.version"
29-->src\main\AndroidManifest.xml:21:13-58
30            android:value="@integer/google_play_services_version" />
30-->src\main\AndroidManifest.xml:22:13-66
31        <meta-data
31-->src\main\AndroidManifest.xml:23:9-25:35
32            android:name="com.google.android.gms.vision.DEPENDENCIES"
32-->src\main\AndroidManifest.xml:24:13-70
33            android:value="ocr" />
33-->src\main\AndroidManifest.xml:25:13-32
34
35        <activity
35-->src\main\AndroidManifest.xml:27:9-34:20
36            android:name="com.google.android.gms.samples.vision.ocrreader.OcrCaptureActivity"
36-->src\main\AndroidManifest.xml:28:13-47
37            android:label="Text Detection" >
37-->src\main\AndroidManifest.xml:29:13-43
38            <intent-filter>
38-->src\main\AndroidManifest.xml:30:13-33:29
39                <action android:name="android.intent.action.MAIN" />
39-->src\main\AndroidManifest.xml:31:17-69
39-->src\main\AndroidManifest.xml:31:25-66
40
41                <category android:name="android.intent.category.LAUNCHER" />
41-->src\main\AndroidManifest.xml:32:17-77
41-->src\main\AndroidManifest.xml:32:27-74
42            </intent-filter>
43        </activity>
44        <activity
44-->src\main\AndroidManifest.xml:36:9-44:20
45            android:name="com.google.android.gms.samples.vision.ocrreader.Result"
45-->src\main\AndroidManifest.xml:38:13-35
46            android:label="@string/title_activity_result"
46-->src\main\AndroidManifest.xml:37:13-58
47            android:parentActivityName="com.google.android.gms.samples.vision.ocrreader.OcrCaptureActivity" >
47-->src\main\AndroidManifest.xml:39:13-61
48            <intent-filter>
48-->src\main\AndroidManifest.xml:40:13-43:29
49                <action android:name="android.intent.action.VIEW" />
49-->src\main\AndroidManifest.xml:41:17-69
49-->src\main\AndroidManifest.xml:41:25-66
50
51                <category android:name="android.intent.category.INFO" />
51-->src\main\AndroidManifest.xml:42:17-73
51-->src\main\AndroidManifest.xml:42:27-70
52            </intent-filter>
53        </activity>
54        <activity
54-->[com.google.android.gms:play-services-base:9.4.0] AndroidManifest.xml:20:9-22:45
55            android:name="com.google.android.gms.common.api.GoogleApiActivity"
55-->[com.google.android.gms:play-services-base:9.4.0] AndroidManifest.xml:20:19-85
56            android:exported="false"
56-->[com.google.android.gms:play-services-base:9.4.0] AndroidManifest.xml:22:19-43
57            android:theme="@android:style/Theme.Translucent.NoTitleBar" />
57-->[com.google.android.gms:play-services-base:9.4.0] AndroidManifest.xml:21:19-78
58    </application>
59
60</manifest>